<?xml version="1.0" encoding="UTF-8"?>
<testsuite name="com.company.Models.regularTests.BookTest" tests="9" skipped="0" failures="0" errors="0" timestamp="2019-01-12T18:34:21" hostname="Ventsislavs-MacBook-Pro.local" time="0.004">
  <properties/>
  <testcase name="IsGettingRightGenre" classname="com.company.Models.regularTests.BookTest" time="0.001"/>
  <testcase name="IsGettingRightCategory" classname="com.company.Models.regularTests.BookTest" time="0.0"/>
  <testcase name="IsGettingRightFormat" classname="com.company.Models.regularTests.BookTest" time="0.0"/>
  <testcase name="IsGettingRightPublisher" classname="com.company.Models.regularTests.BookTest" time="0.0"/>
  <testcase name="IsGettingRightAuthors" classname="com.company.Models.regularTests.BookTest" time="0.0"/>
  <testcase name="IsGettingRightISBN" classname="com.company.Models.regularTests.BookTest" time="0.0"/>
  <testcase name="IsGettingRightName" classname="com.company.Models.regularTests.BookTest" time="0.0"/>
  <testcase name="IsGettingRightYear" classname="com.company.Models.regularTests.BookTest" time="0.0"/>
  <testcase name="IsAuthorsListEmpty" classname="com.company.Models.regularTests.BookTest" time="0.0"/>
  <system-out><![CDATA[]]></system-out>
  <system-err><![CDATA[]]></system-err>
</testsuite>
