<?xml version="1.0" encoding="UTF-8"?>
<testsuite name="com.company.Models.regularTests.MovieTest" tests="8" skipped="0" failures="0" errors="0" timestamp="2019-01-12T18:34:21" hostname="Ventsislavs-MacBook-Pro.local" time="0.007">
  <properties/>
  <testcase name="getDirector" classname="com.company.Models.regularTests.MovieTest" time="0.003"/>
  <testcase name="getWriters" classname="com.company.Models.regularTests.MovieTest" time="0.0"/>
  <testcase name="getYear" classname="com.company.Models.regularTests.MovieTest" time="0.0"/>
  <testcase name="getFormat" classname="com.company.Models.regularTests.MovieTest" time="0.001"/>
  <testcase name="getGenre" classname="com.company.Models.regularTests.MovieTest" time="0.0"/>
  <testcase name="getStars" classname="com.company.Models.regularTests.MovieTest" time="0.0"/>
  <testcase name="getTitle" classname="com.company.Models.regularTests.MovieTest" time="0.0"/>
  <testcase name="getCategory" classname="com.company.Models.regularTests.MovieTest" time="0.001"/>
  <system-out><![CDATA[]]></system-out>
  <system-err><![CDATA[]]></system-err>
</testsuite>
