<?xml version="1.0" encoding="UTF-8"?>
<testsuite name="com.company.Models.regularTests.DataExtractorTest" tests="4" skipped="0" failures="0" errors="0" timestamp="2019-01-12T18:34:21" hostname="Ventsislavs-MacBook-Pro.local" time="0.003">
  <properties/>
  <testcase name="parseBook" classname="com.company.Models.regularTests.DataExtractorTest" time="0.001"/>
  <testcase name="parseMovie" classname="com.company.Models.regularTests.DataExtractorTest" time="0.0"/>
  <testcase name="parseMusic" classname="com.company.Models.regularTests.DataExtractorTest" time="0.001"/>
  <testcase name="setUrl" classname="com.company.Models.regularTests.DataExtractorTest" time="0.0"/>
  <system-out><![CDATA[]]></system-out>
  <system-err><![CDATA[]]></system-err>
</testsuite>
