<?xml version="1.0" encoding="UTF-8"?>
<testsuite name="com.company.Models.mokitoTests.MokitoMusicTest" tests="6" skipped="0" failures="0" errors="0" timestamp="2019-01-12T18:34:21" hostname="Ventsislavs-MacBook-Pro.local" time="0.022">
  <properties/>
  <testcase name="isGettingMusicByArtist" classname="com.company.Models.mokitoTests.MokitoMusicTest" time="0.006"/>
  <testcase name="isGettingMusicByGenre" classname="com.company.Models.mokitoTests.MokitoMusicTest" time="0.002"/>
  <testcase name="isGettingMusicByNameAndArtist" classname="com.company.Models.mokitoTests.MokitoMusicTest" time="0.0"/>
  <testcase name="isGettingMusicByCategory" classname="com.company.Models.mokitoTests.MokitoMusicTest" time="0.0"/>
  <testcase name="isGettingMusicByName" classname="com.company.Models.mokitoTests.MokitoMusicTest" time="0.001"/>
  <testcase name="isGettingMusicByYear" classname="com.company.Models.mokitoTests.MokitoMusicTest" time="0.003"/>
  <system-out><![CDATA[]]></system-out>
  <system-err><![CDATA[]]></system-err>
</testsuite>
