<?xml version="1.0" encoding="UTF-8"?>
<testsuite name="com.company.Models.regularTests.ExtractorTest" tests="5" skipped="0" failures="0" errors="0" timestamp="2019-01-12T18:34:21" hostname="Ventsislavs-MacBook-Pro.local" time="0.001">
  <properties/>
  <testcase name="searchById" classname="com.company.Models.regularTests.ExtractorTest" time="0.0"/>
  <testcase name="getAllObjects" classname="com.company.Models.regularTests.ExtractorTest" time="0.0"/>
  <testcase name="getTimeDuration" classname="com.company.Models.regularTests.ExtractorTest" time="0.0"/>
  <testcase name="getPageCount" classname="com.company.Models.regularTests.ExtractorTest" time="0.0"/>
  <testcase name="getPageLinks" classname="com.company.Models.regularTests.ExtractorTest" time="0.0"/>
  <system-out><![CDATA[]]></system-out>
  <system-err><![CDATA[]]></system-err>
</testsuite>
