<?xml version="1.0" encoding="UTF-8"?>
<testsuite name="com.company.Models.mokitoTests.MokitoBookTest" tests="7" skipped="0" failures="0" errors="0" timestamp="2019-01-12T18:34:21" hostname="Ventsislavs-MacBook-Pro.local" time="0.002">
  <properties/>
  <testcase name="isGettingBookByPublisher" classname="com.company.Models.mokitoTests.MokitoBookTest" time="0.0"/>
  <testcase name="isGettingBookByNameAndAuthor" classname="com.company.Models.mokitoTests.MokitoBookTest" time="0.001"/>
  <testcase name="isGettingBookByISBN" classname="com.company.Models.mokitoTests.MokitoBookTest" time="0.0"/>
  <testcase name="isGettingBookByName" classname="com.company.Models.mokitoTests.MokitoBookTest" time="0.0"/>
  <testcase name="isGettingBookByYear" classname="com.company.Models.mokitoTests.MokitoBookTest" time="0.0"/>
  <testcase name="isGettingBookByAuthor" classname="com.company.Models.mokitoTests.MokitoBookTest" time="0.0"/>
  <testcase name="isGettingBookByGenre" classname="com.company.Models.mokitoTests.MokitoBookTest" time="0.0"/>
  <system-out><![CDATA[]]></system-out>
  <system-err><![CDATA[]]></system-err>
</testsuite>
